<?xml version="1.0" encoding="UTF-8"?>
<testng-results ignored="0" total="1" passed="1" failed="0" skipped="0">
  <reporter-output>
  </reporter-output>
  <suite started-at="2021-06-29T00:31:00Z" name="Default suite" finished-at="2021-06-29T00:31:22Z" duration-ms="22195">
    <groups>
    </groups>
    <test started-at="2021-06-29T00:31:00Z" name="Default test" finished-at="2021-06-29T00:31:22Z" duration-ms="22195">
      <class name="test.AddCustomerTest">
        <test-method signature="validUserShouldBeAbleToCreateCustomer()[pri:0, instance:test.AddCustomerTest@eb6449b]" started-at="2021-06-29T00:31:00Z" name="validUserShouldBeAbleToCreateCustomer" finished-at="2021-06-29T00:31:22Z" duration-ms="22174" status="PASS">
          <reporter-output>
          </reporter-output>
        </test-method> <!-- validUserShouldBeAbleToCreateCustomer -->
      </class> <!-- test.AddCustomerTest -->
    </test> <!-- Default test -->
  </suite> <!-- Default suite -->
</testng-results>
